<?xml version="1.0" encoding="UTF-8"?>
<!-- Generated by org.testng.reporters.JUnitReportReporter -->
<testsuite hostname="Akshay-HP" failures="0" tests="1" name="testCases.TC_002_LoginValidationTest" time="1.584" errors="0" timestamp="2024-03-23T11:27:35 IST" skipped="0">
  <testcase classname="testCases.TC_002_LoginValidationTest" name="loginValidation" time="1.584"/>
  <system-out/>
</testsuite> <!-- testCases.TC_002_LoginValidationTest -->
