<?xml version="1.0" encoding="UTF-8"?>
<!-- Generated by org.testng.reporters.JUnitReportReporter -->
<testsuite hostname="Akshay-HP" failures="0" tests="5" name="testCases.TC_003_DataDrivenTestForLogin" time="35.211" errors="0" timestamp="2024-03-22T10:06:51 IST" skipped="0">
  <testcase classname="testCases.TC_003_DataDrivenTestForLogin" name="loginValidationDataDriven" time="10.871"/>
  <system-out/>
  <testcase classname="testCases.TC_003_DataDrivenTestForLogin" name="loginValidationDataDriven" time="11.024"/>
  <system-out/>
  <testcase classname="testCases.TC_003_DataDrivenTestForLogin" name="loginValidationDataDriven" time="1.276"/>
  <system-out/>
  <testcase classname="testCases.TC_003_DataDrivenTestForLogin" name="loginValidationDataDriven" time="10.825"/>
  <system-out/>
  <testcase classname="testCases.TC_003_DataDrivenTestForLogin" name="loginValidationDataDriven" time="1.215"/>
  <system-out/>
</testsuite> <!-- testCases.TC_003_DataDrivenTestForLogin -->
