<?xml version="1.0" encoding="UTF-8"?>
<!-- Generated by org.testng.reporters.JUnitReportReporter -->
<testsuite hostname="Akshay-HP" failures="0" tests="1" name="testCases.TC_002_LoginValidationTest" time="1.530" errors="0" timestamp="2024-07-25T16:48:10 IST" skipped="0">
  <testcase classname="testCases.TC_002_LoginValidationTest" name="loginValidation" time="1.530"/>
  <system-out/>
</testsuite> <!-- testCases.TC_002_LoginValidationTest -->
